2025-07-31 14:20:10,816 - excel_automation.causacion_processor - INFO - CausacionProcessor inicializado
2025-07-31 14:25:11,017 - excel_automation.causacion_processor - INFO - CausacionProcessor inicializado
2025-07-31 15:02:31,078 - excel_automation.causacion_processor - INFO - CausacionProcessor inicializado
2025-07-31 15:05:29,957 - excel_automation.causacion_processor - INFO - CausacionProcessor inicializado
2025-07-31 15:05:52,129 - excel_automation.causacion_processor - INFO - CausacionProcessor inicializado
2025-07-31 15:05:52,129 - excel_automation.causacion_processor - INFO - Cargando archivo DIAN: C:\xampp\htdocs\Causacion\data\input\17_Julio_2025_Dian.xlsx
2025-07-31 15:05:52,360 - excel_automation.causacion_processor - INFO - Iniciando limpieza de datos DIAN
2025-07-31 15:05:52,360 - excel_automation.causacion_processor - INFO - Limpiando espacios en blanco...
2025-07-31 15:05:52,366 - excel_automation.causacion_processor - INFO - Convirtiendo columna 'Folio' a string...
2025-07-31 15:05:52,367 - excel_automation.causacion_processor - INFO - Procesando columna de fecha: Fecha Emisión
2025-07-31 15:05:52,376 - excel_automation.causacion_processor - INFO - Procesando columna de fecha: Fecha Recepción
2025-07-31 15:05:52,379 - excel_automation.causacion_processor - WARNING - Campos críticos con problemas: ["Campo 'Fecha Recepción' tiene 647 valores faltantes"]
2025-07-31 15:05:52,381 - excel_automation.causacion_processor - INFO - Limpieza DIAN completada: 647 filas, 32 columnas
2025-07-31 15:05:52,381 - excel_automation.causacion_processor - INFO - Iniciando validación de calidad para DIAN
2025-07-31 15:05:52,390 - excel_automation.causacion_processor - INFO - Validación DIAN exitosa - Score: 80.0
2025-07-31 15:05:52,390 - excel_automation.causacion_processor - INFO - Archivo DIAN cargado exitosamente: 647 filas, 32 columnas
2025-07-31 15:05:52,391 - excel_automation.causacion_processor - INFO - Cargando archivo contable: C:\xampp\htdocs\Causacion\data\input\movimientocontable.xlsx
2025-07-31 15:05:53,632 - excel_automation.causacion_processor - INFO - Iniciando limpieza de datos contables
2025-07-31 15:05:53,633 - excel_automation.causacion_processor - INFO - Eliminando filas de metadatos...
2025-07-31 15:05:53,635 - excel_automation.causacion_processor - INFO - Eliminadas 4 filas de metadatos
2025-07-31 15:05:53,635 - excel_automation.causacion_processor - INFO - Mapeando columnas sin nombre...
2025-07-31 15:05:53,635 - excel_automation.causacion_processor - INFO - Mapeando 124 columnas sin nombre
2025-07-31 15:05:53,636 - excel_automation.causacion_processor - INFO - Columna Unnamed: 1 mapeada como 'valor' - valores ejemplo: ['19', '19', '19']
2025-07-31 15:05:53,637 - excel_automation.causacion_processor - INFO - Columna Unnamed: 2 mapeada como 'valor' - valores ejemplo: ['13', '13', '13']
2025-07-31 15:05:53,638 - excel_automation.causacion_processor - INFO - Columna Unnamed: 3 mapeada como 'numero_documento' - valores ejemplo: ['2370050100', '2380301400', '2380301400']
2025-07-31 15:05:53,639 - excel_automation.causacion_processor - INFO - Columna Unnamed: 5 mapeada como 'numero_documento' - valores ejemplo: ['241900', '241900', '60500']
2025-07-31 15:05:53,639 - excel_automation.causacion_processor - INFO - Columna Unnamed: 6 mapeada como 'valor' - valores ejemplo: ['2025', '2025', '2025']
2025-07-31 15:05:53,640 - excel_automation.causacion_processor - INFO - Columna Unnamed: 7 mapeada como 'valor' - valores ejemplo: ['7', '7', '7']
2025-07-31 15:05:53,641 - excel_automation.causacion_processor - INFO - Columna Unnamed: 8 mapeada como 'valor' - valores ejemplo: ['1', '1', '1']
2025-07-31 15:05:53,642 - excel_automation.causacion_processor - INFO - Columna Unnamed: 12 mapeada como 'valor' - valores ejemplo: ['2', '3', '4']
2025-07-31 15:05:53,644 - excel_automation.causacion_processor - INFO - Columna Unnamed: 15 mapeada como 'numero_documento' - valores ejemplo: ['79490148', '79490148', '79490148']
2025-07-31 15:05:53,645 - excel_automation.causacion_processor - INFO - Columna Unnamed: 17 mapeada como 'descripcion' - valores ejemplo: ['DESCUENTO SALUD', 'DESCUENTO PENSION', 'FONDO DE SOLIDARIDAD PENS']
2025-07-31 15:05:53,646 - excel_automation.causacion_processor - INFO - Columna Unnamed: 18 mapeada como 'numero_documento' - valores ejemplo: ['6045130', '6045130', '6045130']
2025-07-31 15:05:53,654 - excel_automation.causacion_processor - INFO - Columna Unnamed: 37 mapeada como 'numero_documento' - valores ejemplo: ['20250701', '20250701', '20250701']
2025-07-31 15:05:53,654 - excel_automation.causacion_processor - INFO - Columna Unnamed: 38 mapeada como 'numero_documento' - valores ejemplo: ['145807', '145807', '145807']
2025-07-31 15:05:53,681 - excel_automation.causacion_processor - INFO - Columna Unnamed: 102 mapeada como 'valor' - valores ejemplo: ['100', '101', '102']
2025-07-31 15:05:53,682 - excel_automation.causacion_processor - INFO - Columna Unnamed: 103 mapeada como 'valor' - valores ejemplo: ['1', '1', '1']
2025-07-31 15:05:53,682 - excel_automation.causacion_processor - INFO - Columna Unnamed: 104 mapeada como 'valor' - valores ejemplo: ['1', '1', '1']
2025-07-31 15:05:53,692 - excel_automation.causacion_processor - INFO - Columnas renombradas exitosamente: ['valor', 'valor_2', 'numero_documento', 'numero_documento_2', 'valor_3', 'valor_4', 'valor_5', 'valor_6', 'numero_documento_3', 'descripcion', 'numero_documento_4', 'numero_documento_5', 'numero_documento_6', 'valor_7', 'valor_8', 'valor_9']
2025-07-31 15:05:53,776 - excel_automation.causacion_processor - INFO - Limpieza contable completada: 1100 filas, 125 columnas
2025-07-31 15:05:53,777 - excel_automation.causacion_processor - INFO - Iniciando validación de calidad para contable
2025-07-31 15:05:53,798 - excel_automation.causacion_processor - INFO - Validación contable exitosa - Score: 90.0
2025-07-31 15:05:53,799 - excel_automation.causacion_processor - INFO - Archivo contable cargado exitosamente: 1100 filas, 125 columnas
2025-07-31 15:05:53,799 - excel_automation.causacion_processor - INFO - Validación de archivos completada exitosamente
2025-07-31 15:05:53,800 - excel_automation.causacion_processor - INFO - Iniciando cruce de datos DIAN vs Contable
2025-07-31 15:05:53,801 - excel_automation.causacion_processor - INFO - Procesando 647 registros DIAN vs 1100 registros contables
2025-07-31 15:05:53,801 - excel_automation.causacion_processor - INFO - Usando columna 'Folio' para documento DIAN
2025-07-31 15:05:54,936 - excel_automation.causacion_processor - INFO - Usando columna 'valor_2' para documento contable (encontradas 18 coincidencias con folios DIAN)
2025-07-31 15:05:54,936 - excel_automation.causacion_processor - INFO - Columnas de cruce: DIAN='Folio' vs Contable='valor_2'
2025-07-31 15:05:54,936 - excel_automation.causacion_processor - INFO - Iniciando identificación de coincidencias
2025-07-31 15:05:54,940 - excel_automation.causacion_processor - INFO - Realizando cruce primario por documento...
2025-07-31 15:05:54,955 - excel_automation.causacion_processor - INFO - Encontradas 364 coincidencias exactas por documento
2025-07-31 15:05:54,956 - excel_automation.causacion_processor - INFO - Realizando cruce secundario por valor y fecha...
2025-07-31 15:05:54,958 - excel_automation.causacion_processor - INFO - Creando índices de valor para optimización...
2025-07-31 15:05:54,996 - excel_automation.causacion_processor - INFO - Índices creados para 6 valores únicos
2025-07-31 15:05:55,002 - excel_automation.causacion_processor - INFO - Procesando DIAN: 100/603
2025-07-31 15:05:55,007 - excel_automation.causacion_processor - INFO - Procesando DIAN: 200/603
2025-07-31 15:05:55,012 - excel_automation.causacion_processor - INFO - Procesando DIAN: 300/603
2025-07-31 15:05:55,017 - excel_automation.causacion_processor - INFO - Procesando DIAN: 400/603
2025-07-31 15:05:55,023 - excel_automation.causacion_processor - INFO - Procesando DIAN: 500/603
2025-07-31 15:05:55,028 - excel_automation.causacion_processor - INFO - Procesando DIAN: 600/603
2025-07-31 15:05:55,028 - excel_automation.causacion_processor - INFO - Encontradas 0 coincidencias secundarias
2025-07-31 15:05:55,030 - excel_automation.causacion_processor - INFO - Realizando cruce por similitud...
2025-07-31 15:05:55,030 - excel_automation.causacion_processor - INFO - Encontradas 0 coincidencias por similitud
2025-07-31 15:05:55,387 - excel_automation.causacion_processor - INFO - Identificadas 364 coincidencias y 1339 no coincidencias
2025-07-31 15:05:55,388 - excel_automation.causacion_processor - INFO - Generando reporte de matching
2025-07-31 15:05:55,410 - excel_automation.causacion_processor - INFO - Tasa de matching: 37.64%
2025-07-31 15:05:55,410 - excel_automation.causacion_processor - INFO - Coincidencias de alta confianza: 364
2025-07-31 15:05:55,410 - excel_automation.causacion_processor - INFO - Discrepancias encontradas: 0
2025-07-31 15:05:55,411 - excel_automation.causacion_processor - INFO - Cruce completado: 364 coincidencias, 1339 no coincidencias
2025-07-31 15:05:55,411 - excel_automation.causacion_processor - INFO - Creando DataFrame de coincidencias
2025-07-31 15:05:55,425 - excel_automation.causacion_processor - INFO - DataFrame de coincidencias creado: 364 registros
2025-07-31 15:05:55,425 - excel_automation.causacion_processor - INFO - Creando DataFrame de no coincidencias
2025-07-31 15:05:55,620 - excel_automation.causacion_processor - INFO - DataFrame de no coincidencias creado: 1339 registros
2025-07-31 15:05:55,622 - excel_automation.causacion_processor - INFO - Calculando estadísticas del proceso de causación
2025-07-31 15:05:55,627 - excel_automation.causacion_processor - INFO - Estadísticas calculadas exitosamente
2025-07-31 15:05:55,632 - excel_automation.causacion_processor - INFO - Creando archivo Excel: C:\Users\aprendiz.it\AppData\Local\Temp\_MEI149522\data\output\Reporte_Causacion_20250731_150555.xlsx
2025-07-31 15:05:55,638 - excel_automation.causacion_processor - INFO - Hoja de resumen simplificada creada exitosamente
2025-07-31 15:05:55,754 - excel_automation.causacion_processor - INFO - Aplicando formato mejorado a todas las hojas
2025-07-31 15:05:55,756 - excel_automation.causacion_processor - INFO - Formato profesional aplicado a la hoja de Resumen
2025-07-31 15:05:55,764 - excel_automation.causacion_processor - INFO - Tabla creada para Coincidencias con rango A1:O365
2025-07-31 15:05:55,773 - excel_automation.causacion_processor - INFO - Tabla creada para No_coincidencias con rango A1:L1340
2025-07-31 15:05:55,774 - excel_automation.causacion_processor - INFO - Formato mejorado aplicado exitosamente a todas las hojas
2025-07-31 15:05:55,774 - excel_automation.causacion_processor - INFO - Excel creado con formato básico usando openpyxl
2025-07-31 15:05:55,954 - excel_automation.causacion_processor - INFO - Archivo Excel creado exitosamente: C:\Users\aprendiz.it\AppData\Local\Temp\_MEI149522\data\output\Reporte_Causacion_20250731_150555.xlsx
2025-07-31 15:05:55,954 - excel_automation.causacion_processor - INFO - Abriendo archivo Excel automáticamente: C:\Users\aprendiz.it\AppData\Local\Temp\_MEI149522\data\output\Reporte_Causacion_20250731_150555.xlsx
2025-07-31 15:05:57,997 - excel_automation.causacion_processor - INFO - Archivo Excel abierto exitosamente
2025-07-31 15:37:22,818 - excel_automation.causacion_processor - INFO - CausacionProcessor inicializado
2025-07-31 15:37:39,198 - excel_automation.causacion_processor - INFO - CausacionProcessor inicializado
2025-07-31 15:37:39,198 - excel_automation.causacion_processor - INFO - Cargando archivo DIAN: C:\xampp\htdocs\Causacion\data\input\17_Julio_2025_Dian.xlsx
2025-07-31 15:37:39,415 - excel_automation.causacion_processor - INFO - Iniciando limpieza de datos DIAN
2025-07-31 15:37:39,416 - excel_automation.causacion_processor - INFO - Limpiando espacios en blanco...
2025-07-31 15:37:39,422 - excel_automation.causacion_processor - INFO - Convirtiendo columna 'Folio' a string...
2025-07-31 15:37:39,422 - excel_automation.causacion_processor - INFO - Procesando columna de fecha: Fecha Emisión
2025-07-31 15:37:39,432 - excel_automation.causacion_processor - INFO - Procesando columna de fecha: Fecha Recepción
2025-07-31 15:37:39,435 - excel_automation.causacion_processor - WARNING - Campos críticos con problemas: ["Campo 'Fecha Recepción' tiene 647 valores faltantes"]
2025-07-31 15:37:39,437 - excel_automation.causacion_processor - INFO - Limpieza DIAN completada: 647 filas, 32 columnas
2025-07-31 15:37:39,437 - excel_automation.causacion_processor - INFO - Iniciando validación de calidad para DIAN
2025-07-31 15:37:39,446 - excel_automation.causacion_processor - INFO - Validación DIAN exitosa - Score: 80.0
2025-07-31 15:37:39,446 - excel_automation.causacion_processor - INFO - Archivo DIAN cargado exitosamente: 647 filas, 32 columnas
2025-07-31 15:37:39,448 - excel_automation.causacion_processor - INFO - Cargando archivo contable: C:\xampp\htdocs\Causacion\data\input\movimientocontable.xlsx
2025-07-31 15:37:40,699 - excel_automation.causacion_processor - INFO - Iniciando limpieza de datos contables
2025-07-31 15:37:40,700 - excel_automation.causacion_processor - INFO - Eliminando filas de metadatos...
2025-07-31 15:37:40,702 - excel_automation.causacion_processor - INFO - Eliminadas 4 filas de metadatos
2025-07-31 15:37:40,702 - excel_automation.causacion_processor - INFO - Mapeando columnas sin nombre...
2025-07-31 15:37:40,702 - excel_automation.causacion_processor - INFO - Mapeando 124 columnas sin nombre
2025-07-31 15:37:40,703 - excel_automation.causacion_processor - INFO - Columna Unnamed: 1 mapeada como 'valor' - valores ejemplo: ['19', '19', '19']
2025-07-31 15:37:40,703 - excel_automation.causacion_processor - INFO - Columna Unnamed: 2 mapeada como 'valor' - valores ejemplo: ['13', '13', '13']
2025-07-31 15:37:40,704 - excel_automation.causacion_processor - INFO - Columna Unnamed: 3 mapeada como 'numero_documento' - valores ejemplo: ['2370050100', '2380301400', '2380301400']
2025-07-31 15:37:40,705 - excel_automation.causacion_processor - INFO - Columna Unnamed: 5 mapeada como 'numero_documento' - valores ejemplo: ['241900', '241900', '60500']
2025-07-31 15:37:40,706 - excel_automation.causacion_processor - INFO - Columna Unnamed: 6 mapeada como 'valor' - valores ejemplo: ['2025', '2025', '2025']
2025-07-31 15:37:40,706 - excel_automation.causacion_processor - INFO - Columna Unnamed: 7 mapeada como 'valor' - valores ejemplo: ['7', '7', '7']
2025-07-31 15:37:40,707 - excel_automation.causacion_processor - INFO - Columna Unnamed: 8 mapeada como 'valor' - valores ejemplo: ['1', '1', '1']
2025-07-31 15:37:40,709 - excel_automation.causacion_processor - INFO - Columna Unnamed: 12 mapeada como 'valor' - valores ejemplo: ['2', '3', '4']
2025-07-31 15:37:40,710 - excel_automation.causacion_processor - INFO - Columna Unnamed: 15 mapeada como 'numero_documento' - valores ejemplo: ['79490148', '79490148', '79490148']
2025-07-31 15:37:40,711 - excel_automation.causacion_processor - INFO - Columna Unnamed: 17 mapeada como 'descripcion' - valores ejemplo: ['DESCUENTO SALUD', 'DESCUENTO PENSION', 'FONDO DE SOLIDARIDAD PENS']
2025-07-31 15:37:40,712 - excel_automation.causacion_processor - INFO - Columna Unnamed: 18 mapeada como 'numero_documento' - valores ejemplo: ['6045130', '6045130', '6045130']
2025-07-31 15:37:40,720 - excel_automation.causacion_processor - INFO - Columna Unnamed: 37 mapeada como 'numero_documento' - valores ejemplo: ['20250701', '20250701', '20250701']
2025-07-31 15:37:40,720 - excel_automation.causacion_processor - INFO - Columna Unnamed: 38 mapeada como 'numero_documento' - valores ejemplo: ['145807', '145807', '145807']
2025-07-31 15:37:40,749 - excel_automation.causacion_processor - INFO - Columna Unnamed: 102 mapeada como 'valor' - valores ejemplo: ['100', '101', '102']
2025-07-31 15:37:40,749 - excel_automation.causacion_processor - INFO - Columna Unnamed: 103 mapeada como 'valor' - valores ejemplo: ['1', '1', '1']
2025-07-31 15:37:40,750 - excel_automation.causacion_processor - INFO - Columna Unnamed: 104 mapeada como 'valor' - valores ejemplo: ['1', '1', '1']
2025-07-31 15:37:40,760 - excel_automation.causacion_processor - INFO - Columnas renombradas exitosamente: ['valor', 'valor_2', 'numero_documento', 'numero_documento_2', 'valor_3', 'valor_4', 'valor_5', 'valor_6', 'numero_documento_3', 'descripcion', 'numero_documento_4', 'numero_documento_5', 'numero_documento_6', 'valor_7', 'valor_8', 'valor_9']
2025-07-31 15:37:40,845 - excel_automation.causacion_processor - INFO - Limpieza contable completada: 1100 filas, 125 columnas
2025-07-31 15:37:40,846 - excel_automation.causacion_processor - INFO - Iniciando validación de calidad para contable
2025-07-31 15:37:40,866 - excel_automation.causacion_processor - INFO - Validación contable exitosa - Score: 90.0
2025-07-31 15:37:40,867 - excel_automation.causacion_processor - INFO - Archivo contable cargado exitosamente: 1100 filas, 125 columnas
2025-07-31 15:37:40,867 - excel_automation.causacion_processor - INFO - Validación de archivos completada exitosamente
2025-07-31 15:37:40,868 - excel_automation.causacion_processor - INFO - Iniciando cruce de datos DIAN vs Contable
2025-07-31 15:37:40,868 - excel_automation.causacion_processor - INFO - Procesando 647 registros DIAN vs 1100 registros contables
2025-07-31 15:37:40,869 - excel_automation.causacion_processor - INFO - Usando columna 'Folio' para documento DIAN
2025-07-31 15:37:41,997 - excel_automation.causacion_processor - INFO - Usando columna 'valor_2' para documento contable (encontradas 18 coincidencias con folios DIAN)
2025-07-31 15:37:41,997 - excel_automation.causacion_processor - INFO - Columnas de cruce: DIAN='Folio' vs Contable='valor_2'
2025-07-31 15:37:41,998 - excel_automation.causacion_processor - INFO - Iniciando identificación de coincidencias
2025-07-31 15:37:42,002 - excel_automation.causacion_processor - INFO - Realizando cruce primario por documento...
2025-07-31 15:37:42,017 - excel_automation.causacion_processor - INFO - Encontradas 364 coincidencias exactas por documento
2025-07-31 15:37:42,017 - excel_automation.causacion_processor - INFO - Realizando cruce secundario por valor y fecha...
2025-07-31 15:37:42,020 - excel_automation.causacion_processor - INFO - Creando índices de valor para optimización...
2025-07-31 15:37:42,060 - excel_automation.causacion_processor - INFO - Índices creados para 6 valores únicos
2025-07-31 15:37:42,066 - excel_automation.causacion_processor - INFO - Procesando DIAN: 100/603
2025-07-31 15:37:42,072 - excel_automation.causacion_processor - INFO - Procesando DIAN: 200/603
2025-07-31 15:37:42,077 - excel_automation.causacion_processor - INFO - Procesando DIAN: 300/603
2025-07-31 15:37:42,083 - excel_automation.causacion_processor - INFO - Procesando DIAN: 400/603
2025-07-31 15:37:42,088 - excel_automation.causacion_processor - INFO - Procesando DIAN: 500/603
2025-07-31 15:37:42,093 - excel_automation.causacion_processor - INFO - Procesando DIAN: 600/603
2025-07-31 15:37:42,094 - excel_automation.causacion_processor - INFO - Encontradas 0 coincidencias secundarias
2025-07-31 15:37:42,095 - excel_automation.causacion_processor - INFO - Realizando cruce por similitud...
2025-07-31 15:37:42,095 - excel_automation.causacion_processor - INFO - Encontradas 0 coincidencias por similitud
2025-07-31 15:37:42,453 - excel_automation.causacion_processor - INFO - Identificadas 364 coincidencias y 1339 no coincidencias
2025-07-31 15:37:42,454 - excel_automation.causacion_processor - INFO - Generando reporte de matching
2025-07-31 15:37:42,476 - excel_automation.causacion_processor - INFO - Tasa de matching: 37.64%
2025-07-31 15:37:42,476 - excel_automation.causacion_processor - INFO - Coincidencias de alta confianza: 364
2025-07-31 15:37:42,476 - excel_automation.causacion_processor - INFO - Discrepancias encontradas: 0
2025-07-31 15:37:42,477 - excel_automation.causacion_processor - INFO - Cruce completado: 364 coincidencias, 1339 no coincidencias
2025-07-31 15:37:42,477 - excel_automation.causacion_processor - INFO - Creando DataFrame de coincidencias
2025-07-31 15:37:42,492 - excel_automation.causacion_processor - INFO - DataFrame de coincidencias creado: 364 registros
2025-07-31 15:37:42,492 - excel_automation.causacion_processor - INFO - Creando DataFrame de no coincidencias
2025-07-31 15:37:42,700 - excel_automation.causacion_processor - INFO - DataFrame de no coincidencias creado: 1339 registros
2025-07-31 15:37:42,702 - excel_automation.causacion_processor - INFO - Calculando estadísticas del proceso de causación
2025-07-31 15:37:42,708 - excel_automation.causacion_processor - INFO - Estadísticas calculadas exitosamente
2025-07-31 15:37:42,713 - excel_automation.causacion_processor - INFO - Creando archivo Excel: C:\Users\aprendiz.it\AppData\Local\Temp\_MEI166642\data\output\Reporte_Causacion_20250731_153742.xlsx
2025-07-31 15:37:42,719 - excel_automation.causacion_processor - INFO - Hoja de resumen simplificada creada exitosamente
2025-07-31 15:37:42,834 - excel_automation.causacion_processor - INFO - Aplicando formato mejorado a todas las hojas
2025-07-31 15:37:42,836 - excel_automation.causacion_processor - INFO - Formato profesional aplicado a la hoja de Resumen
2025-07-31 15:37:42,844 - excel_automation.causacion_processor - INFO - Tabla creada para Coincidencias con rango A1:O365
2025-07-31 15:37:42,854 - excel_automation.causacion_processor - INFO - Tabla creada para No_coincidencias con rango A1:L1340
2025-07-31 15:37:42,854 - excel_automation.causacion_processor - INFO - Formato mejorado aplicado exitosamente a todas las hojas
2025-07-31 15:37:42,855 - excel_automation.causacion_processor - INFO - Excel creado con formato básico usando openpyxl
2025-07-31 15:37:43,041 - excel_automation.causacion_processor - INFO - Archivo Excel creado exitosamente: C:\Users\aprendiz.it\AppData\Local\Temp\_MEI166642\data\output\Reporte_Causacion_20250731_153742.xlsx
2025-07-31 15:37:43,042 - excel_automation.causacion_processor - INFO - Abriendo archivo Excel automáticamente: C:\Users\aprendiz.it\AppData\Local\Temp\_MEI166642\data\output\Reporte_Causacion_20250731_153742.xlsx
2025-07-31 15:37:45,341 - excel_automation.causacion_processor - INFO - Archivo Excel abierto exitosamente
2025-07-31 15:54:29,367 - excel_automation.causacion_processor - INFO - CausacionProcessor inicializado
2025-07-31 15:54:47,217 - excel_automation.causacion_processor - INFO - CausacionProcessor inicializado
2025-07-31 15:54:47,218 - excel_automation.causacion_processor - INFO - Cargando archivo DIAN: C:\xampp\htdocs\Causacion\data\input\17_Julio_2025_Dian.xlsx
2025-07-31 15:54:47,476 - excel_automation.causacion_processor - INFO - Iniciando limpieza de datos DIAN
2025-07-31 15:54:47,476 - excel_automation.causacion_processor - INFO - Limpiando espacios en blanco...
2025-07-31 15:54:47,484 - excel_automation.causacion_processor - INFO - Convirtiendo columna 'Folio' a string...
2025-07-31 15:54:47,485 - excel_automation.causacion_processor - INFO - Procesando columna de fecha: Fecha Emisión
2025-07-31 15:54:47,496 - excel_automation.causacion_processor - INFO - Procesando columna de fecha: Fecha Recepción
2025-07-31 15:54:47,499 - excel_automation.causacion_processor - WARNING - Campos críticos con problemas: ["Campo 'Fecha Recepción' tiene 647 valores faltantes"]
2025-07-31 15:54:47,501 - excel_automation.causacion_processor - INFO - Limpieza DIAN completada: 647 filas, 32 columnas
2025-07-31 15:54:47,501 - excel_automation.causacion_processor - INFO - Iniciando validación de calidad para DIAN
2025-07-31 15:54:47,510 - excel_automation.causacion_processor - INFO - Validación DIAN exitosa - Score: 80.0
2025-07-31 15:54:47,511 - excel_automation.causacion_processor - INFO - Archivo DIAN cargado exitosamente: 647 filas, 32 columnas
2025-07-31 15:54:47,512 - excel_automation.causacion_processor - INFO - Cargando archivo contable: C:\xampp\htdocs\Causacion\data\input\movimientocontable.xlsx
2025-07-31 15:54:48,891 - excel_automation.causacion_processor - INFO - Iniciando limpieza de datos contables
2025-07-31 15:54:48,892 - excel_automation.causacion_processor - INFO - Eliminando filas de metadatos...
2025-07-31 15:54:48,895 - excel_automation.causacion_processor - INFO - Eliminadas 4 filas de metadatos
2025-07-31 15:54:48,895 - excel_automation.causacion_processor - INFO - Mapeando columnas sin nombre...
2025-07-31 15:54:48,895 - excel_automation.causacion_processor - INFO - Mapeando 124 columnas sin nombre
2025-07-31 15:54:48,896 - excel_automation.causacion_processor - INFO - Columna Unnamed: 1 mapeada como 'valor' - valores ejemplo: ['19', '19', '19']
2025-07-31 15:54:48,897 - excel_automation.causacion_processor - INFO - Columna Unnamed: 2 mapeada como 'valor' - valores ejemplo: ['13', '13', '13']
2025-07-31 15:54:48,897 - excel_automation.causacion_processor - INFO - Columna Unnamed: 3 mapeada como 'numero_documento' - valores ejemplo: ['2370050100', '2380301400', '2380301400']
2025-07-31 15:54:48,899 - excel_automation.causacion_processor - INFO - Columna Unnamed: 5 mapeada como 'numero_documento' - valores ejemplo: ['241900', '241900', '60500']
2025-07-31 15:54:48,899 - excel_automation.causacion_processor - INFO - Columna Unnamed: 6 mapeada como 'valor' - valores ejemplo: ['2025', '2025', '2025']
2025-07-31 15:54:48,900 - excel_automation.causacion_processor - INFO - Columna Unnamed: 7 mapeada como 'valor' - valores ejemplo: ['7', '7', '7']
2025-07-31 15:54:48,900 - excel_automation.causacion_processor - INFO - Columna Unnamed: 8 mapeada como 'valor' - valores ejemplo: ['1', '1', '1']
2025-07-31 15:54:48,902 - excel_automation.causacion_processor - INFO - Columna Unnamed: 12 mapeada como 'valor' - valores ejemplo: ['2', '3', '4']
2025-07-31 15:54:48,904 - excel_automation.causacion_processor - INFO - Columna Unnamed: 15 mapeada como 'numero_documento' - valores ejemplo: ['79490148', '79490148', '79490148']
2025-07-31 15:54:48,905 - excel_automation.causacion_processor - INFO - Columna Unnamed: 17 mapeada como 'descripcion' - valores ejemplo: ['DESCUENTO SALUD', 'DESCUENTO PENSION', 'FONDO DE SOLIDARIDAD PENS']
2025-07-31 15:54:48,906 - excel_automation.causacion_processor - INFO - Columna Unnamed: 18 mapeada como 'numero_documento' - valores ejemplo: ['6045130', '6045130', '6045130']
2025-07-31 15:54:48,914 - excel_automation.causacion_processor - INFO - Columna Unnamed: 37 mapeada como 'numero_documento' - valores ejemplo: ['20250701', '20250701', '20250701']
2025-07-31 15:54:48,914 - excel_automation.causacion_processor - INFO - Columna Unnamed: 38 mapeada como 'numero_documento' - valores ejemplo: ['145807', '145807', '145807']
2025-07-31 15:54:48,941 - excel_automation.causacion_processor - INFO - Columna Unnamed: 102 mapeada como 'valor' - valores ejemplo: ['100', '101', '102']
2025-07-31 15:54:48,942 - excel_automation.causacion_processor - INFO - Columna Unnamed: 103 mapeada como 'valor' - valores ejemplo: ['1', '1', '1']
2025-07-31 15:54:48,943 - excel_automation.causacion_processor - INFO - Columna Unnamed: 104 mapeada como 'valor' - valores ejemplo: ['1', '1', '1']
2025-07-31 15:54:48,953 - excel_automation.causacion_processor - INFO - Columnas renombradas exitosamente: ['valor', 'valor_2', 'numero_documento', 'numero_documento_2', 'valor_3', 'valor_4', 'valor_5', 'valor_6', 'numero_documento_3', 'descripcion', 'numero_documento_4', 'numero_documento_5', 'numero_documento_6', 'valor_7', 'valor_8', 'valor_9']
2025-07-31 15:54:49,053 - excel_automation.causacion_processor - INFO - Limpieza contable completada: 1100 filas, 125 columnas
2025-07-31 15:54:49,054 - excel_automation.causacion_processor - INFO - Iniciando validación de calidad para contable
2025-07-31 15:54:49,076 - excel_automation.causacion_processor - INFO - Validación contable exitosa - Score: 90.0
2025-07-31 15:54:49,076 - excel_automation.causacion_processor - INFO - Archivo contable cargado exitosamente: 1100 filas, 125 columnas
2025-07-31 15:54:49,077 - excel_automation.causacion_processor - INFO - Validación de archivos completada exitosamente
2025-07-31 15:54:49,078 - excel_automation.causacion_processor - INFO - Iniciando cruce de datos DIAN vs Contable
2025-07-31 15:54:49,078 - excel_automation.causacion_processor - INFO - Procesando 647 registros DIAN vs 1100 registros contables
2025-07-31 15:54:49,078 - excel_automation.causacion_processor - INFO - Usando columna 'Folio' para documento DIAN
2025-07-31 15:54:50,272 - excel_automation.causacion_processor - INFO - Usando columna 'valor_2' para documento contable (encontradas 18 coincidencias con folios DIAN)
2025-07-31 15:54:50,272 - excel_automation.causacion_processor - INFO - Columnas de cruce: DIAN='Folio' vs Contable='valor_2'
2025-07-31 15:54:50,273 - excel_automation.causacion_processor - INFO - Iniciando identificación de coincidencias
2025-07-31 15:54:50,276 - excel_automation.causacion_processor - INFO - Realizando cruce primario por documento...
2025-07-31 15:54:50,293 - excel_automation.causacion_processor - INFO - Encontradas 364 coincidencias exactas por documento
2025-07-31 15:54:50,293 - excel_automation.causacion_processor - INFO - Realizando cruce secundario por valor y fecha...
2025-07-31 15:54:50,296 - excel_automation.causacion_processor - INFO - Creando índices de valor para optimización...
2025-07-31 15:54:50,336 - excel_automation.causacion_processor - INFO - Índices creados para 6 valores únicos
2025-07-31 15:54:50,342 - excel_automation.causacion_processor - INFO - Procesando DIAN: 100/603
2025-07-31 15:54:50,347 - excel_automation.causacion_processor - INFO - Procesando DIAN: 200/603
2025-07-31 15:54:50,353 - excel_automation.causacion_processor - INFO - Procesando DIAN: 300/603
2025-07-31 15:54:50,358 - excel_automation.causacion_processor - INFO - Procesando DIAN: 400/603
2025-07-31 15:54:50,364 - excel_automation.causacion_processor - INFO - Procesando DIAN: 500/603
2025-07-31 15:54:50,370 - excel_automation.causacion_processor - INFO - Procesando DIAN: 600/603
2025-07-31 15:54:50,370 - excel_automation.causacion_processor - INFO - Encontradas 0 coincidencias secundarias
2025-07-31 15:54:50,372 - excel_automation.causacion_processor - INFO - Realizando cruce por similitud...
2025-07-31 15:54:50,372 - excel_automation.causacion_processor - INFO - Encontradas 0 coincidencias por similitud
2025-07-31 15:54:50,762 - excel_automation.causacion_processor - INFO - Identificadas 364 coincidencias y 1339 no coincidencias
2025-07-31 15:54:50,764 - excel_automation.causacion_processor - INFO - Generando reporte de matching
2025-07-31 15:54:50,788 - excel_automation.causacion_processor - INFO - Tasa de matching: 37.64%
2025-07-31 15:54:50,788 - excel_automation.causacion_processor - INFO - Coincidencias de alta confianza: 364
2025-07-31 15:54:50,788 - excel_automation.causacion_processor - INFO - Discrepancias encontradas: 0
2025-07-31 15:54:50,788 - excel_automation.causacion_processor - INFO - Cruce completado: 364 coincidencias, 1339 no coincidencias
2025-07-31 15:54:50,789 - excel_automation.causacion_processor - INFO - Creando DataFrame de coincidencias
2025-07-31 15:54:50,805 - excel_automation.causacion_processor - INFO - DataFrame de coincidencias creado: 364 registros
2025-07-31 15:54:50,805 - excel_automation.causacion_processor - INFO - Creando DataFrame de no coincidencias
2025-07-31 15:54:51,016 - excel_automation.causacion_processor - INFO - DataFrame de no coincidencias creado: 1339 registros
2025-07-31 15:54:51,018 - excel_automation.causacion_processor - INFO - Calculando estadísticas del proceso de causación
2025-07-31 15:54:51,024 - excel_automation.causacion_processor - INFO - Estadísticas calculadas exitosamente
2025-07-31 15:54:51,029 - excel_automation.causacion_processor - INFO - Creando archivo Excel: C:\Users\aprendiz.it\AppData\Local\Temp\_MEI144882\data\output\Reporte_Causacion_20250731_155451.xlsx
2025-07-31 15:54:51,035 - excel_automation.causacion_processor - INFO - Hoja de resumen simplificada creada exitosamente
2025-07-31 15:54:51,172 - excel_automation.causacion_processor - INFO - Aplicando formato mejorado a todas las hojas
2025-07-31 15:54:51,174 - excel_automation.causacion_processor - INFO - Formato profesional aplicado a la hoja de Resumen
2025-07-31 15:54:51,182 - excel_automation.causacion_processor - INFO - Tabla creada para Coincidencias con rango A1:O365
2025-07-31 15:54:51,194 - excel_automation.causacion_processor - INFO - Tabla creada para No_coincidencias con rango A1:L1340
2025-07-31 15:54:51,194 - excel_automation.causacion_processor - INFO - Formato mejorado aplicado exitosamente a todas las hojas
2025-07-31 15:54:51,194 - excel_automation.causacion_processor - INFO - Excel creado con formato básico usando openpyxl
2025-07-31 15:54:51,393 - excel_automation.causacion_processor - INFO - Archivo Excel creado exitosamente: C:\Users\aprendiz.it\AppData\Local\Temp\_MEI144882\data\output\Reporte_Causacion_20250731_155451.xlsx
2025-07-31 15:54:51,393 - excel_automation.causacion_processor - INFO - Abriendo archivo Excel automáticamente: C:\Users\aprendiz.it\AppData\Local\Temp\_MEI144882\data\output\Reporte_Causacion_20250731_155451.xlsx
2025-07-31 15:54:53,371 - excel_automation.causacion_processor - INFO - Archivo Excel abierto exitosamente
2025-07-31 15:55:32,096 - excel_automation.causacion_processor - INFO - CausacionProcessor inicializado
2025-07-31 15:55:32,097 - excel_automation.causacion_processor - INFO - Cargando archivo DIAN: C:\xampp\htdocs\Causacion\data\input\17_Julio_2025_Dian.xlsx
2025-07-31 15:55:32,305 - excel_automation.causacion_processor - INFO - Iniciando limpieza de datos DIAN
2025-07-31 15:55:32,306 - excel_automation.causacion_processor - INFO - Limpiando espacios en blanco...
2025-07-31 15:55:32,312 - excel_automation.causacion_processor - INFO - Convirtiendo columna 'Folio' a string...
2025-07-31 15:55:32,313 - excel_automation.causacion_processor - INFO - Procesando columna de fecha: Fecha Emisión
2025-07-31 15:55:32,321 - excel_automation.causacion_processor - INFO - Procesando columna de fecha: Fecha Recepción
2025-07-31 15:55:32,324 - excel_automation.causacion_processor - WARNING - Campos críticos con problemas: ["Campo 'Fecha Recepción' tiene 647 valores faltantes"]
2025-07-31 15:55:32,326 - excel_automation.causacion_processor - INFO - Limpieza DIAN completada: 647 filas, 32 columnas
2025-07-31 15:55:32,326 - excel_automation.causacion_processor - INFO - Iniciando validación de calidad para DIAN
2025-07-31 15:55:32,334 - excel_automation.causacion_processor - INFO - Validación DIAN exitosa - Score: 80.0
2025-07-31 15:55:32,334 - excel_automation.causacion_processor - INFO - Archivo DIAN cargado exitosamente: 647 filas, 32 columnas
2025-07-31 15:55:32,335 - excel_automation.causacion_processor - INFO - Cargando archivo contable: C:\xampp\htdocs\Causacion\data\input\movimientocontable.xlsx
2025-07-31 15:55:33,715 - excel_automation.causacion_processor - INFO - Iniciando limpieza de datos contables
2025-07-31 15:55:33,716 - excel_automation.causacion_processor - INFO - Eliminando filas de metadatos...
2025-07-31 15:55:33,719 - excel_automation.causacion_processor - INFO - Eliminadas 4 filas de metadatos
2025-07-31 15:55:33,719 - excel_automation.causacion_processor - INFO - Mapeando columnas sin nombre...
2025-07-31 15:55:33,719 - excel_automation.causacion_processor - INFO - Mapeando 124 columnas sin nombre
2025-07-31 15:55:33,720 - excel_automation.causacion_processor - INFO - Columna Unnamed: 1 mapeada como 'valor' - valores ejemplo: ['19', '19', '19']
2025-07-31 15:55:33,720 - excel_automation.causacion_processor - INFO - Columna Unnamed: 2 mapeada como 'valor' - valores ejemplo: ['13', '13', '13']
2025-07-31 15:55:33,721 - excel_automation.causacion_processor - INFO - Columna Unnamed: 3 mapeada como 'numero_documento' - valores ejemplo: ['2370050100', '2380301400', '2380301400']
2025-07-31 15:55:33,722 - excel_automation.causacion_processor - INFO - Columna Unnamed: 5 mapeada como 'numero_documento' - valores ejemplo: ['241900', '241900', '60500']
2025-07-31 15:55:33,722 - excel_automation.causacion_processor - INFO - Columna Unnamed: 6 mapeada como 'valor' - valores ejemplo: ['2025', '2025', '2025']
2025-07-31 15:55:33,723 - excel_automation.causacion_processor - INFO - Columna Unnamed: 7 mapeada como 'valor' - valores ejemplo: ['7', '7', '7']
2025-07-31 15:55:33,724 - excel_automation.causacion_processor - INFO - Columna Unnamed: 8 mapeada como 'valor' - valores ejemplo: ['1', '1', '1']
2025-07-31 15:55:33,725 - excel_automation.causacion_processor - INFO - Columna Unnamed: 12 mapeada como 'valor' - valores ejemplo: ['2', '3', '4']
2025-07-31 15:55:33,727 - excel_automation.causacion_processor - INFO - Columna Unnamed: 15 mapeada como 'numero_documento' - valores ejemplo: ['79490148', '79490148', '79490148']
2025-07-31 15:55:33,728 - excel_automation.causacion_processor - INFO - Columna Unnamed: 17 mapeada como 'descripcion' - valores ejemplo: ['DESCUENTO SALUD', 'DESCUENTO PENSION', 'FONDO DE SOLIDARIDAD PENS']
2025-07-31 15:55:33,728 - excel_automation.causacion_processor - INFO - Columna Unnamed: 18 mapeada como 'numero_documento' - valores ejemplo: ['6045130', '6045130', '6045130']
2025-07-31 15:55:33,736 - excel_automation.causacion_processor - INFO - Columna Unnamed: 37 mapeada como 'numero_documento' - valores ejemplo: ['20250701', '20250701', '20250701']
2025-07-31 15:55:33,737 - excel_automation.causacion_processor - INFO - Columna Unnamed: 38 mapeada como 'numero_documento' - valores ejemplo: ['145807', '145807', '145807']
2025-07-31 15:55:33,763 - excel_automation.causacion_processor - INFO - Columna Unnamed: 102 mapeada como 'valor' - valores ejemplo: ['100', '101', '102']
2025-07-31 15:55:33,764 - excel_automation.causacion_processor - INFO - Columna Unnamed: 103 mapeada como 'valor' - valores ejemplo: ['1', '1', '1']
2025-07-31 15:55:33,765 - excel_automation.causacion_processor - INFO - Columna Unnamed: 104 mapeada como 'valor' - valores ejemplo: ['1', '1', '1']
2025-07-31 15:55:33,775 - excel_automation.causacion_processor - INFO - Columnas renombradas exitosamente: ['valor', 'valor_2', 'numero_documento', 'numero_documento_2', 'valor_3', 'valor_4', 'valor_5', 'valor_6', 'numero_documento_3', 'descripcion', 'numero_documento_4', 'numero_documento_5', 'numero_documento_6', 'valor_7', 'valor_8', 'valor_9']
2025-07-31 15:55:33,882 - excel_automation.causacion_processor - INFO - Limpieza contable completada: 1100 filas, 125 columnas
2025-07-31 15:55:33,883 - excel_automation.causacion_processor - INFO - Iniciando validación de calidad para contable
2025-07-31 15:55:33,904 - excel_automation.causacion_processor - INFO - Validación contable exitosa - Score: 90.0
2025-07-31 15:55:33,904 - excel_automation.causacion_processor - INFO - Archivo contable cargado exitosamente: 1100 filas, 125 columnas
2025-07-31 15:55:33,905 - excel_automation.causacion_processor - INFO - Validación de archivos completada exitosamente
2025-07-31 15:55:33,906 - excel_automation.causacion_processor - INFO - Iniciando cruce de datos DIAN vs Contable
2025-07-31 15:55:33,907 - excel_automation.causacion_processor - INFO - Procesando 647 registros DIAN vs 1100 registros contables
2025-07-31 15:55:33,908 - excel_automation.causacion_processor - INFO - Usando columna 'Folio' para documento DIAN
2025-07-31 15:55:35,074 - excel_automation.causacion_processor - INFO - Usando columna 'valor_2' para documento contable (encontradas 18 coincidencias con folios DIAN)
2025-07-31 15:55:35,075 - excel_automation.causacion_processor - INFO - Columnas de cruce: DIAN='Folio' vs Contable='valor_2'
2025-07-31 15:55:35,075 - excel_automation.causacion_processor - INFO - Iniciando identificación de coincidencias
2025-07-31 15:55:35,078 - excel_automation.causacion_processor - INFO - Realizando cruce primario por documento...
2025-07-31 15:55:35,094 - excel_automation.causacion_processor - INFO - Encontradas 364 coincidencias exactas por documento
2025-07-31 15:55:35,094 - excel_automation.causacion_processor - INFO - Realizando cruce secundario por valor y fecha...
2025-07-31 15:55:35,097 - excel_automation.causacion_processor - INFO - Creando índices de valor para optimización...
2025-07-31 15:55:35,136 - excel_automation.causacion_processor - INFO - Índices creados para 6 valores únicos
2025-07-31 15:55:35,142 - excel_automation.causacion_processor - INFO - Procesando DIAN: 100/603
2025-07-31 15:55:35,148 - excel_automation.causacion_processor - INFO - Procesando DIAN: 200/603
2025-07-31 15:55:35,153 - excel_automation.causacion_processor - INFO - Procesando DIAN: 300/603
2025-07-31 15:55:35,159 - excel_automation.causacion_processor - INFO - Procesando DIAN: 400/603
2025-07-31 15:55:35,164 - excel_automation.causacion_processor - INFO - Procesando DIAN: 500/603
2025-07-31 15:55:35,170 - excel_automation.causacion_processor - INFO - Procesando DIAN: 600/603
2025-07-31 15:55:35,170 - excel_automation.causacion_processor - INFO - Encontradas 0 coincidencias secundarias
2025-07-31 15:55:35,172 - excel_automation.causacion_processor - INFO - Realizando cruce por similitud...
2025-07-31 15:55:35,172 - excel_automation.causacion_processor - INFO - Encontradas 0 coincidencias por similitud
2025-07-31 15:55:35,564 - excel_automation.causacion_processor - INFO - Identificadas 364 coincidencias y 1339 no coincidencias
2025-07-31 15:55:35,565 - excel_automation.causacion_processor - INFO - Generando reporte de matching
2025-07-31 15:55:35,589 - excel_automation.causacion_processor - INFO - Tasa de matching: 37.64%
2025-07-31 15:55:35,589 - excel_automation.causacion_processor - INFO - Coincidencias de alta confianza: 364
2025-07-31 15:55:35,589 - excel_automation.causacion_processor - INFO - Discrepancias encontradas: 0
2025-07-31 15:55:35,589 - excel_automation.causacion_processor - INFO - Cruce completado: 364 coincidencias, 1339 no coincidencias
2025-07-31 15:55:35,590 - excel_automation.causacion_processor - INFO - Creando DataFrame de coincidencias
2025-07-31 15:55:35,604 - excel_automation.causacion_processor - INFO - DataFrame de coincidencias creado: 364 registros
2025-07-31 15:55:35,605 - excel_automation.causacion_processor - INFO - Creando DataFrame de no coincidencias
2025-07-31 15:55:35,813 - excel_automation.causacion_processor - INFO - DataFrame de no coincidencias creado: 1339 registros
2025-07-31 15:55:35,816 - excel_automation.causacion_processor - INFO - Calculando estadísticas del proceso de causación
2025-07-31 15:55:35,821 - excel_automation.causacion_processor - INFO - Estadísticas calculadas exitosamente
2025-07-31 15:55:35,823 - excel_automation.causacion_processor - INFO - Creando archivo Excel: C:\Users\aprendiz.it\AppData\Local\Temp\_MEI144882\data\output\Reporte_Causacion_20250731_155535.xlsx
2025-07-31 15:55:35,825 - excel_automation.causacion_processor - INFO - Hoja de resumen simplificada creada exitosamente
2025-07-31 15:55:35,952 - excel_automation.causacion_processor - INFO - Aplicando formato mejorado a todas las hojas
2025-07-31 15:55:35,954 - excel_automation.causacion_processor - INFO - Formato profesional aplicado a la hoja de Resumen
2025-07-31 15:55:35,962 - excel_automation.causacion_processor - INFO - Tabla creada para Coincidencias con rango A1:O365
2025-07-31 15:55:35,974 - excel_automation.causacion_processor - INFO - Tabla creada para No_coincidencias con rango A1:L1340
2025-07-31 15:55:35,975 - excel_automation.causacion_processor - INFO - Formato mejorado aplicado exitosamente a todas las hojas
2025-07-31 15:55:35,975 - excel_automation.causacion_processor - INFO - Excel creado con formato básico usando openpyxl
2025-07-31 15:55:36,160 - excel_automation.causacion_processor - INFO - Archivo Excel creado exitosamente: C:\Users\aprendiz.it\AppData\Local\Temp\_MEI144882\data\output\Reporte_Causacion_20250731_155535.xlsx
2025-07-31 15:55:36,160 - excel_automation.causacion_processor - INFO - Abriendo archivo Excel automáticamente: C:\Users\aprendiz.it\AppData\Local\Temp\_MEI144882\data\output\Reporte_Causacion_20250731_155535.xlsx
2025-07-31 15:55:37,880 - excel_automation.causacion_processor - INFO - Archivo Excel abierto exitosamente
